2026-02-06 01:44:00,169 - whatsapp_worker.processors.actions - INFO - Stage transition: greeting -> cta
2026-02-06 01:44:01,736 - whatsapp_worker.processors.actions - INFO - Stage transition: greeting -> cta
2026-02-06 01:44:24,128 - whatsapp_worker.processors.actions - INFO - Stage transition: greeting -> pricing
2026-02-06 01:44:25,630 - whatsapp_worker.processors.actions - INFO - Stage transition: greeting -> cta
2026-02-06 01:45:02,185 - whatsapp_worker.processors.actions - INFO - Stage transition: greeting -> qualification
2026-02-06 01:45:04,079 - whatsapp_worker.processors.actions - INFO - Stage transition: greeting -> cta
2026-02-06 01:45:36,418 - whatsapp_worker.processors.actions - INFO - Stage transition: greeting -> pricing
2026-02-06 01:45:37,855 - whatsapp_worker.processors.actions - INFO - Stage transition: greeting -> cta
2026-02-06 01:46:08,325 - whatsapp_worker.processors.actions - INFO - Stage transition: greeting -> qualification
2026-02-06 01:46:09,810 - whatsapp_worker.processors.actions - INFO - Stage transition: greeting -> cta
2026-02-06 01:49:58,204 - whatsapp_worker.processors.actions - INFO - Stage transition: greeting -> pricing
2026-02-06 01:49:59,479 - whatsapp_worker.processors.actions - INFO - Stage transition: greeting -> cta
2026-02-06 01:50:54,234 - whatsapp_worker.processors.actions - INFO - Stage transition: greeting -> pricing
2026-02-06 01:50:55,404 - whatsapp_worker.processors.actions - INFO - Stage transition: greeting -> cta
2026-02-06 01:54:18,584 - whatsapp_worker.processors.actions - INFO - Stage transition: greeting -> qualification
2026-02-06 01:55:19,949 - whatsapp_worker.processors.actions - INFO - Stage transition: greeting -> qualification
2026-02-06 01:55:21,679 - whatsapp_worker.processors.actions - INFO - Stage transition: greeting -> cta
2026-02-06 01:55:23,289 - whatsapp_worker.processors.actions - INFO - Stage transition: greeting -> cta
2026-02-06 01:55:50,373 - whatsapp_worker.processors.actions - INFO - Stage transition: greeting -> pricing
2026-02-06 01:55:52,845 - whatsapp_worker.processors.actions - INFO - Stage transition: greeting -> cta
2026-02-06 01:58:19,351 - whatsapp_worker.processors.actions - INFO - Stage transition: greeting -> qualification
2026-02-06 01:58:21,785 - whatsapp_worker.processors.actions - INFO - Stage transition: greeting -> cta
2026-02-06 02:05:34,173 - whatsapp_worker.processors.actions - INFO - Stage transition: pricing -> cta
2026-02-06 02:05:36,553 - whatsapp_worker.processors.actions - INFO - Stage transition: pricing -> followup
2026-02-06 02:05:37,955 - whatsapp_worker.processors.actions - INFO - Stage transition: pricing -> followup
2026-02-06 02:05:39,613 - whatsapp_worker.processors.actions - INFO - Stage transition: pricing -> followup
2026-02-06 02:06:03,303 - whatsapp_worker.processors.actions - INFO - Stage transition: pricing -> cta
2026-02-06 02:06:33,084 - whatsapp_worker.processors.actions - INFO - Stage transition: pricing -> followup
2026-02-06 02:06:34,767 - whatsapp_worker.processors.actions - INFO - Stage transition: pricing -> followup
2026-02-06 02:06:36,676 - whatsapp_worker.processors.actions - INFO - Stage transition: pricing -> followup
2026-02-06 02:06:38,477 - whatsapp_worker.processors.actions - INFO - Stage transition: pricing -> followup
2026-02-06 02:07:17,543 - whatsapp_worker.processors.actions - INFO - Stage transition: pricing -> followup
2026-02-06 02:07:21,274 - whatsapp_worker.processors.actions - INFO - Stage transition: pricing -> qualification
2026-02-06 02:07:22,974 - whatsapp_worker.processors.actions - INFO - Stage transition: pricing -> followup
2026-02-06 02:07:25,318 - whatsapp_worker.processors.actions - INFO - Stage transition: pricing -> followup
2026-02-06 02:08:48,364 - whatsapp_worker.processors.actions - INFO - Stage transition: pricing -> followup
2026-02-06 02:08:50,242 - whatsapp_worker.processors.actions - INFO - Stage transition: pricing -> followup
2026-02-06 02:08:53,985 - whatsapp_worker.processors.actions - INFO - Stage transition: pricing -> qualification
2026-02-06 02:10:15,851 - whatsapp_worker.processors.actions - INFO - Stage transition: pricing -> followup
2026-02-06 02:10:17,867 - whatsapp_worker.processors.actions - INFO - Stage transition: pricing -> followup
2026-02-06 02:10:19,259 - whatsapp_worker.processors.actions - INFO - Stage transition: pricing -> cta
2026-02-06 02:10:21,058 - whatsapp_worker.processors.actions - INFO - Stage transition: pricing -> cta
2026-02-06 02:12:22,459 - whatsapp_worker.processors.actions - INFO - Stage transition: pricing -> followup
2026-02-06 02:12:24,330 - whatsapp_worker.processors.actions - INFO - Stage transition: pricing -> cta
2026-02-06 02:12:25,804 - whatsapp_worker.processors.actions - INFO - Stage transition: pricing -> followup
2026-02-06 02:12:27,387 - whatsapp_worker.processors.actions - INFO - Stage transition: pricing -> followup
2026-02-06 02:13:02,873 - whatsapp_worker.processors.actions - INFO - Stage transition: pricing -> followup
2026-02-06 02:13:04,701 - whatsapp_worker.processors.actions - INFO - Stage transition: pricing -> followup
2026-02-06 02:13:06,360 - whatsapp_worker.processors.actions - INFO - Stage transition: pricing -> followup
2026-02-06 02:13:08,130 - whatsapp_worker.processors.actions - INFO - Stage transition: pricing -> followup
2026-02-06 02:14:29,417 - whatsapp_worker.processors.actions - INFO - Stage transition: pricing -> followup
2026-02-06 02:14:32,727 - whatsapp_worker.processors.actions - INFO - Stage transition: pricing -> followup
2026-02-06 02:14:34,502 - whatsapp_worker.processors.actions - INFO - Stage transition: pricing -> followup
2026-02-06 02:16:49,569 - whatsapp_worker.processors.actions - INFO - Stage transition: pricing -> followup
2026-02-06 02:16:53,284 - whatsapp_worker.processors.actions - INFO - Stage transition: pricing -> followup
2026-02-06 02:16:55,010 - whatsapp_worker.processors.actions - INFO - Stage transition: pricing -> followup
2026-02-06 02:17:38,427 - whatsapp_worker.processors.actions - INFO - Stage transition: pricing -> cta
2026-02-06 02:17:40,145 - whatsapp_worker.processors.actions - INFO - Stage transition: pricing -> followup
2026-02-06 02:17:41,889 - whatsapp_worker.processors.actions - INFO - Stage transition: pricing -> followup
2026-02-06 02:17:43,843 - whatsapp_worker.processors.actions - INFO - Stage transition: pricing -> followup
2026-02-06 02:18:33,253 - whatsapp_worker.processors.actions - INFO - Stage transition: pricing -> followup
2026-02-06 02:18:35,455 - whatsapp_worker.processors.actions - INFO - Stage transition: pricing -> followup
2026-02-06 02:18:37,052 - whatsapp_worker.processors.actions - INFO - Stage transition: pricing -> cta
2026-02-06 02:18:39,039 - whatsapp_worker.processors.actions - INFO - Stage transition: pricing -> cta
2026-02-06 02:20:00,780 - whatsapp_worker.processors.actions - INFO - Stage transition: pricing -> followup
2026-02-06 02:20:02,803 - whatsapp_worker.processors.actions - INFO - Stage transition: pricing -> followup
2026-02-06 02:20:04,372 - whatsapp_worker.processors.actions - INFO - Stage transition: pricing -> cta
2026-02-06 02:20:05,926 - whatsapp_worker.processors.actions - INFO - Stage transition: pricing -> followup
2026-02-06 02:20:31,071 - whatsapp_worker.processors.actions - INFO - Stage transition: pricing -> followup
2026-02-06 02:20:46,385 - whatsapp_worker.processors.actions - INFO - Stage transition: pricing -> cta
2026-02-06 02:20:54,118 - whatsapp_worker.processors.actions - INFO - Stage transition: cta -> followup
2026-02-06 02:22:31,101 - whatsapp_worker.processors.actions - INFO - Stage transition: followup -> qualification
2026-02-06 02:22:33,746 - whatsapp_worker.processors.actions - INFO - Stage transition: qualification -> cta
2026-02-06 02:22:36,072 - whatsapp_worker.processors.actions - INFO - Stage transition: cta -> qualification
2026-02-06 02:23:56,492 - whatsapp_worker.processors.actions - INFO - Stage transition: qualification -> followup
2026-02-06 02:37:36,737 - whatsapp_worker.processors.actions - INFO - Stage transition: followup -> cta
2026-02-06 02:37:39,023 - whatsapp_worker.processors.actions - INFO - Stage transition: cta -> followup
2026-02-06 02:37:42,411 - whatsapp_worker.processors.actions - INFO - Stage transition: followup -> cta
2026-02-06 02:38:02,243 - whatsapp_worker.processors.actions - INFO - Stage transition: cta -> followup
2026-02-06 02:38:04,842 - whatsapp_worker.processors.actions - INFO - Stage transition: followup -> qualification
2026-02-06 02:38:09,746 - whatsapp_worker.processors.actions - INFO - Stage transition: qualification -> followup
2026-02-06 02:40:34,714 - whatsapp_worker.processors.actions - INFO - Stage transition: followup -> qualification
2026-02-06 02:41:40,410 - whatsapp_worker.processors.actions - INFO - Stage transition: qualification -> followup
2026-02-06 02:45:22,594 - whatsapp_worker.processors.actions - INFO - Stage transition: followup -> cta
2026-02-06 02:48:01,946 - whatsapp_worker.processors.actions - INFO - Stage transition: cta -> followup
2026-02-06 02:48:08,912 - whatsapp_worker.processors.actions - INFO - Stage transition: followup -> qualification
2026-02-06 02:49:06,442 - whatsapp_worker.processors.actions - INFO - Stage transition: qualification -> followup
2026-02-06 02:49:13,639 - whatsapp_worker.processors.actions - INFO - Stage transition: followup -> cta
2026-02-06 02:49:35,651 - whatsapp_worker.processors.actions - INFO - Stage transition: cta -> followup
